<?xml version="1.0" encoding="UTF-8"?>
<testng-results ignored="0" total="1" passed="1" failed="0" skipped="0">
  <reporter-output>
  </reporter-output>
  <suite started-at="2023-03-19T16:28:22 IST" name="Default suite" finished-at="2023-03-19T16:28:23 IST" duration-ms="687">
    <groups>
    </groups>
    <test started-at="2023-03-19T16:28:22 IST" name="Default test" finished-at="2023-03-19T16:28:23 IST" duration-ms="687">
      <class name="day7.fakerdataganarater">
        <test-method signature="n5()[pri:1, instance:day7.fakerdataganarater@6283d8b8]" started-at="2023-03-19T16:28:22 IST" name="n5" finished-at="2023-03-19T16:28:23 IST" duration-ms="646" status="PASS">
          <reporter-output>
          </reporter-output>
        </test-method> <!-- n5 -->
      </class> <!-- day7.fakerdataganarater -->
    </test> <!-- Default test -->
  </suite> <!-- Default suite -->
</testng-results>
